[www.urbanui.com/bogy/template/demo/vertical-default-light/index.html]
[backblue.gif]
[fade.gif]
[index.html]
[www.urbanui.com/bogy/template/vendors/iconfonts/mdi/font/css/materialdesignicons.min.css]
[www.urbanui.com/bogy/template/vendors/css/vendor.bundle.base.css]
[www.urbanui.com/bogy/template/images/favicon.png]
[www.urbanui.com/bogy/template/images/faces/face4.jpg]
[www.urbanui.com/bogy/template/vendors/css/vendor.bundle.addons.css]
[www.urbanui.com/bogy/template/css/vertical-layout-light/style.css]
[www.urbanui.com/bogy/template/images/faces/face2.jpg]
[www.urbanui.com/bogy/template/demo/vertical-default-light/pages/widgets/widgets.html]
[www.urbanui.com/bogy/template/demo/vertical-default-light/pages/ui-features/accordions.html]
[www.urbanui.com/bogy/template/demo/vertical-default-light/pages/ui-features/buttons.html]
[www.urbanui.com/bogy/template/demo/vertical-default-light/pages/ui-features/badges.html]
[www.urbanui.com/bogy/template/demo/vertical-default-light/pages/ui-features/breadcrumbs.html]
[www.urbanui.com/bogy/template/demo/vertical-default-light/pages/ui-features/dropdowns.html]
[www.urbanui.com/bogy/template/demo/vertical-default-light/pages/ui-features/modals.html]
[www.urbanui.com/bogy/template/demo/vertical-default-light/pages/ui-features/progress.html]
[www.urbanui.com/bogy/template/demo/vertical-default-light/pages/ui-features/pagination.html]
[www.urbanui.com/bogy/template/demo/vertical-default-light/pages/ui-features/tabs.html]
[www.urbanui.com/bogy/template/demo/vertical-default-light/pages/ui-features/typography.html]
[www.urbanui.com/bogy/template/demo/vertical-default-light/pages/ui-features/tooltips.html]
[www.urbanui.com/bogy/template/demo/vertical-default-light/pages/ui-features/dragula.html]
[www.urbanui.com/bogy/template/demo/vertical-default-light/pages/ui-features/clipboard.html]
[www.urbanui.com/bogy/template/demo/vertical-default-light/pages/ui-features/context-menu.html]
[www.urbanui.com/bogy/template/demo/vertical-default-light/pages/ui-features/slider.html]
[www.urbanui.com/bogy/template/demo/vertical-default-light/pages/ui-features/carousel.html]
[www.urbanui.com/bogy/template/demo/vertical-default-light/pages/ui-features/colcade.html]
[www.urbanui.com/bogy/template/demo/vertical-default-light/pages/ui-features/loaders.html]
[www.urbanui.com/bogy/template/demo/vertical-default-light/pages/forms/basic_elements.html]
[www.urbanui.com/bogy/template/demo/vertical-default-light/pages/forms/advanced_elements.html]
[www.urbanui.com/bogy/template/demo/vertical-default-light/pages/forms/validation.html]
[www.urbanui.com/bogy/template/demo/vertical-default-light/pages/forms/wizard.html]
[www.urbanui.com/bogy/template/demo/vertical-default-light/pages/forms/text_editor.html]
[www.urbanui.com/bogy/template/demo/vertical-default-light/pages/forms/code_editor.html]
[www.urbanui.com/bogy/template/demo/vertical-default-light/pages/charts/chartjs.html]
[www.urbanui.com/bogy/template/demo/vertical-default-light/pages/charts/morris.html]
[www.urbanui.com/bogy/template/demo/vertical-default-light/pages/charts/flot-chart.html]
[www.urbanui.com/bogy/template/demo/vertical-default-light/pages/charts/google-charts.html]
[www.urbanui.com/bogy/template/demo/vertical-default-light/pages/charts/sparkline.html]
[www.urbanui.com/bogy/template/demo/vertical-default-light/pages/charts/c3.html]
[www.urbanui.com/bogy/template/demo/vertical-default-light/pages/charts/chartist.html]
[www.urbanui.com/bogy/template/demo/vertical-default-light/pages/charts/justGage.html]
[www.urbanui.com/bogy/template/demo/vertical-default-light/pages/tables/basic-table.html]
[www.urbanui.com/bogy/template/demo/vertical-default-light/pages/tables/data-table.html]
[www.urbanui.com/bogy/template/demo/vertical-default-light/pages/tables/js-grid.html]
[www.urbanui.com/bogy/template/demo/vertical-default-light/pages/tables/sortable-table.html]
[www.urbanui.com/bogy/template/demo/vertical-default-light/pages/ui-features/popups.html]
[www.urbanui.com/bogy/template/demo/vertical-default-light/pages/ui-features/notifications.html]
[www.urbanui.com/bogy/template/demo/vertical-default-light/pages/icons/flag-icons.html]
[www.urbanui.com/bogy/template/demo/vertical-default-light/pages/icons/font-awesome.html]
[www.urbanui.com/bogy/template/demo/vertical-default-light/pages/icons/simple-line-icon.html]
[www.urbanui.com/bogy/template/demo/vertical-default-light/pages/icons/themify.html]
[www.urbanui.com/bogy/template/demo/vertical-default-light/pages/maps/mapeal.html]
[www.urbanui.com/bogy/template/demo/vertical-default-light/pages/maps/vector-map.html]
[www.urbanui.com/bogy/template/demo/vertical-default-light/pages/maps/google-maps.html]
[www.urbanui.com/bogy/template/demo/vertical-default-light/pages/samples/login.html]
[www.urbanui.com/bogy/template/demo/vertical-default-light/pages/samples/login-2.html]
[www.urbanui.com/bogy/template/demo/vertical-default-light/pages/samples/register.html]
[www.urbanui.com/bogy/template/demo/vertical-default-light/pages/samples/register-2.html]
[www.urbanui.com/bogy/template/demo/vertical-default-light/pages/samples/lock-screen.html]
[www.urbanui.com/bogy/template/demo/vertical-default-light/pages/samples/error-404.html]
[www.urbanui.com/bogy/template/demo/vertical-default-light/pages/samples/error-500.html]
[www.urbanui.com/bogy/template/demo/vertical-default-light/pages/samples/blank-page.html]
[www.urbanui.com/bogy/template/demo/vertical-default-light/pages/samples/profile.html]
[www.urbanui.com/bogy/template/demo/vertical-default-light/pages/samples/faq.html]
[www.urbanui.com/bogy/template/demo/vertical-default-light/pages/samples/faq-2.html]
[www.urbanui.com/bogy/template/demo/vertical-default-light/pages/samples/news-grid.html]
[www.urbanui.com/bogy/template/demo/vertical-default-light/pages/samples/timeline.html]
[www.urbanui.com/bogy/template/demo/vertical-default-light/pages/samples/search-results.html]
[www.urbanui.com/bogy/template/demo/vertical-default-light/pages/samples/portfolio.html]
[www.urbanui.com/bogy/template/demo/vertical-default-light/pages/samples/invoice.html]
[www.urbanui.com/bogy/template/demo/vertical-default-light/pages/samples/pricing-table.html]
[www.urbanui.com/bogy/template/demo/vertical-default-light/pages/samples/orders.html]
[www.urbanui.com/bogy/template/demo/vertical-default-light/pages/apps/email.html]
[www.urbanui.com/bogy/template/demo/vertical-default-light/pages/apps/calendar.html]
[www.urbanui.com/bogy/template/demo/vertical-default-light/pages/apps/todo.html]
[www.urbanui.com/bogy/template/demo/vertical-default-light/pages/apps/gallery.html]
[www.urbanui.com/bogy/template/demo/vertical-default-light/pages/documentation/documentation.html]
[www.urbanui.com/bogy/template/images/faces/face6.jpg]
[www.urbanui.com/bogy/template/images/faces/face15.jpg]
[www.urbanui.com/bogy/template/js/off-canvas.js]
[www.urbanui.com/bogy/template/js/hoverable-collapse.js]
[www.urbanui.com/bogy/template/js/template.js]
[www.urbanui.com/bogy/template/js/settings.js]
[www.urbanui.com/bogy/template/js/todolist.js]
[www.urbanui.com/bogy/template/demo/vertical-default-light/index.html]
[www.urbanui.com/bogy/template/vendors/iconfonts/mdi/font/css/materialdesignicons.min.css]
[www.urbanui.com/bogy/template/vendors/css/vendor.bundle.base.css]
[www.urbanui.com/bogy/template/js/dashboard.js]
[www.urbanui.com/bogy/template/vendors/images/transparent.png]
[www.urbanui.com/bogy/template/vendors/images/saturation.png]
[www.urbanui.com/bogy/template/vendors/images/hue.png]
[www.urbanui.com/bogy/template/vendors/js/vendor.bundle.base.js]
[www.urbanui.com/bogy/template/vendors/img/sprite-skin-flat.png]
[www.urbanui.com/bogy/template/vendors/css/vendor.bundle.addons.css]
[www.urbanui.com/bogy/template/images/sprites/jsgrid-icons.png]
[www.urbanui.com/bogy/template/images/auth/login-bg.jpg]
[www.urbanui.com/bogy/template/images/auth/register-bg.jpg]
[www.urbanui.com/bogy/template/images/auth/lockscreen-bg.jpg]
[www.urbanui.com/bogy/template/css/vertical-layout-light/style.css]
[www.urbanui.com/bogy/template/images/faces/face3.jpg]
[www.urbanui.com/bogy/template/images/faces/face28.jpg]
[www.urbanui.com/bogy/template/images/faces/face11.jpg]
[www.urbanui.com/bogy/template/images/faces/face9.jpg]
[www.urbanui.com/bogy/template/images/faces/face12.jpg]
[www.urbanui.com/bogy/template/images/faces/face5.jpg]
[www.urbanui.com/bogy/template/images/faces/face7.jpg]
[www.urbanui.com/bogy/template/images/faces/face8.jpg]
[www.urbanui.com/bogy/template/images/faces/face1.jpg]
[www.urbanui.com/bogy/template/demo/vertical-default-light/pages/widgets/widgets.html]
[www.urbanui.com/bogy/template/images/samples/300x300/10.jpg]
[www.urbanui.com/bogy/template/demo/vertical-default-light/pages/ui-features/accordions.html]
[www.urbanui.com/bogy/template/demo/vertical-default-light/pages/ui-features/buttons.html]
[www.urbanui.com/bogy/template/demo/vertical-default-light/pages/ui-features/badges.html]
[www.urbanui.com/bogy/template/demo/vertical-default-light/pages/ui-features/breadcrumbs.html]
[www.urbanui.com/bogy/template/demo/vertical-default-light/pages/ui-features/dropdowns.html]
[www.urbanui.com/bogy/template/js/modal-demo.js]
[www.urbanui.com/bogy/template/demo/vertical-default-light/pages/ui-features/modals.html]
[www.urbanui.com/bogy/template/js/progress-bar.js]
[www.urbanui.com/bogy/template/demo/vertical-default-light/pages/ui-features/progress.html]
[www.urbanui.com/bogy/template/demo/vertical-default-light/pages/ui-features/pagination.html]
[www.urbanui.com/bogy/template/js/paginate.js]
[www.urbanui.com/bogy/template/images/samples/300x300/13.jpg]
[www.urbanui.com/bogy/template/images/samples/300x300/3.jpg]
[www.urbanui.com/bogy/template/images/samples/300x300/4.jpg]
[www.urbanui.com/bogy/template/images/samples/300x300/15.jpg]
[www.urbanui.com/bogy/template/images/samples/300x300/14.jpg]
[www.urbanui.com/bogy/template/images/samples/300x300/11.jpg]
[www.urbanui.com/bogy/template/images/samples/300x300/2.jpg]
[www.urbanui.com/bogy/template/demo/vertical-default-light/pages/ui-features/tabs.html]
[www.urbanui.com/bogy/template/js/tabs.js]
[www.urbanui.com/bogy/template/demo/vertical-default-light/pages/ui-features/typography.html]
[www.urbanui.com/bogy/template/js/tooltips.js]
[www.urbanui.com/bogy/template/demo/vertical-default-light/pages/ui-features/tooltips.html]
[www.urbanui.com/bogy/template/demo/vertical-default-light/pages/ui-features/dragula.html]
[www.urbanui.com/bogy/template/js/dragula.js]
[www.urbanui.com/bogy/template/demo/vertical-default-light/pages/ui-features/clipboard.html]
[www.urbanui.com/bogy/template/js/clipboard.js]
[www.urbanui.com/bogy/template/demo/vertical-default-light/pages/ui-features/context-menu.html]
[www.urbanui.com/bogy/template/js/context-menu.js]
[www.urbanui.com/bogy/template/js/no-ui-slider.js]
[www.urbanui.com/bogy/template/demo/vertical-default-light/pages/ui-features/slider.html]
[www.urbanui.com/bogy/template/js/ion-range-slider.js]
[www.urbanui.com/bogy/template/images/carousel/banner_12.jpg]
[www.urbanui.com/bogy/template/images/carousel/banner_2.jpg]
[www.urbanui.com/bogy/template/images/carousel/banner_4.jpg]
[www.urbanui.com/bogy/template/images/carousel/banner_6.jpg]
[www.urbanui.com/bogy/template/images/carousel/banner_8.jpg]
[www.urbanui.com/bogy/template/images/carousel/banner_10.jpg]
[www.urbanui.com/bogy/template/images/carousel/banner_11.jpg]
[www.urbanui.com/bogy/template/images/carousel/banner_3.jpg]
[www.urbanui.com/bogy/template/js/owl-carousel.js]
[www.urbanui.com/bogy/template/demo/vertical-default-light/pages/ui-features/carousel.html]
[www.urbanui.com/bogy/template/js/tight-grid.js]
[www.urbanui.com/bogy/template/demo/vertical-default-light/pages/ui-features/colcade.html]
[www.urbanui.com/bogy/template/demo/vertical-default-light/pages/ui-features/loaders.html]
[www.urbanui.com/bogy/template/js/file-upload.js]
[www.urbanui.com/bogy/template/js/iCheck.js]
[www.urbanui.com/bogy/template/js/typeahead.js]
[www.urbanui.com/bogy/template/js/select2.js]
[www.urbanui.com/bogy/template/demo/vertical-default-light/pages/forms/basic_elements.html]
[www.urbanui.com/bogy/template/vendors/iconfonts/font-awesome/css/font-awesome.min.css]
[www.urbanui.com/bogy/template/demo/vertical-default-light/pages/forms/dropify.html]
[www.urbanui.com/bogy/template/js/formpickers.js]
[www.urbanui.com/bogy/template/js/form-addons.js]
[www.urbanui.com/bogy/template/js/x-editable.js]
[www.urbanui.com/bogy/template/js/dropzone.js]
[www.urbanui.com/bogy/template/demo/vertical-default-light/pages/forms/advanced_elements.html]
[www.urbanui.com/bogy/template/js/form-repeater.js]
[www.urbanui.com/bogy/template/js/form-validation.js]
[www.urbanui.com/bogy/template/demo/vertical-default-light/pages/forms/validation.html]
[www.urbanui.com/bogy/template/js/bt-maxLength.js]
[www.urbanui.com/bogy/template/demo/vertical-default-light/pages/forms/wizard.html]
[www.urbanui.com/bogy/template/js/wizard.js]
[www.urbanui.com/bogy/template/vendors/summernote/dist/summernote-bs4.css]
[www.urbanui.com/bogy/template/vendors/tinymce/themes/modern/theme.js]
[www.urbanui.com/bogy/template/demo/vertical-default-light/pages/forms/text_editor.html]
[www.urbanui.com/bogy/template/js/editorDemo.js]
[www.urbanui.com/bogy/template/vendors/summernote/dist/summernote-bs4.min.js]
[www.urbanui.com/bogy/template/demo/vertical-default-light/pages/forms/code_editor.html]
[www.urbanui.com/bogy/template/js/codeEditor.js]
[www.urbanui.com/bogy/template/demo/vertical-default-light/pages/charts/chartjs.html]
[www.urbanui.com/bogy/template/js/chart.js]
[www.urbanui.com/bogy/template/demo/vertical-default-light/pages/charts/morris.html]
[www.urbanui.com/bogy/template/js/morris.js]
[www.urbanui.com/bogy/template/demo/vertical-default-light/pages/charts/flot-chart.html]
[www.urbanui.com/bogy/template/js/flot-chart.js]
[www.gstatic.com/charts/loader.js]
[www.urbanui.com/bogy/template/demo/vertical-default-light/pages/charts/google-charts.html]
[www.urbanui.com/bogy/template/js/google-charts.js]
[www.urbanui.com/bogy/template/js/sparkline.js]
[www.urbanui.com/bogy/template/demo/vertical-default-light/pages/charts/sparkline.html]
[www.urbanui.com/bogy/template/js/c3.js]
[www.urbanui.com/bogy/template/demo/vertical-default-light/pages/charts/c3.html]
[www.urbanui.com/bogy/template/js/chartist.js]
[www.urbanui.com/bogy/template/demo/vertical-default-light/pages/charts/chartist.html]
[www.urbanui.com/bogy/template/vendors/tinymce/tinymce.min.js]
[www.urbanui.com/bogy/template/demo/vertical-default-light/pages/charts/justGage.html]
[www.urbanui.com/bogy/template/demo/vertical-default-light/pages/tables/basic-table.html]
[www.urbanui.com/bogy/template/js/just-gage.js]
[www.urbanui.com/bogy/template/demo/vertical-default-light/pages/tables/data-table.html]
[www.urbanui.com/bogy/template/js/js-grid.js]
[www.urbanui.com/bogy/template/demo/vertical-default-light/pages/tables/js-grid.html]
[www.urbanui.com/bogy/template/vendors/ace-builds/src-min/ace.js]
[www.urbanui.com/bogy/template/js/jq.tablesort.js]
[www.urbanui.com/bogy/template/js/db.js]
[www.urbanui.com/bogy/template/demo/vertical-default-light/pages/tables/sortable-table.html]
[www.urbanui.com/bogy/template/js/tablesorter.js]
[www.urbanui.com/bogy/template/js/alerts.js]
[www.urbanui.com/bogy/template/demo/vertical-default-light/pages/ui-features/popups.html]
[www.urbanui.com/bogy/template/js/avgrund.js]
[www.urbanui.com/bogy/template/js/toastDemo.js]
[www.urbanui.com/bogy/template/demo/vertical-default-light/pages/ui-features/notifications.html]
[www.urbanui.com/bogy/template/js/desktop-notification.js]
[www.urbanui.com/bogy/template/demo/vertical-default-light/pages/icons/flag-icons.html]
[www.urbanui.com/bogy/template/demo/vertical-default-light/pages/icons/font-awesome.html]
[www.urbanui.com/bogy/template/vendors/iconfonts/flag-icon-css/css/flag-icon.min.css]
[www.urbanui.com/bogy/template/demo/vertical-default-light/pages/icons/simple-line-icon.html]
[www.urbanui.com/bogy/template/vendors/iconfonts/simple-line-icon/css/simple-line-icons.css]
[www.urbanui.com/bogy/template/demo/vertical-default-light/pages/icons/themify.html]
[www.urbanui.com/bogy/template/vendors/iconfonts/ti-icons/css/themify-icons.css]
[www.urbanui.com/bogy/template/js/mapeal.js]
[www.urbanui.com/bogy/template/demo/vertical-default-light/pages/maps/mapeal.html]
[www.urbanui.com/bogy/template/js/mapeal_example_2.js]
[www.urbanui.com/bogy/template/js/mapeal_example_1.js]
[www.urbanui.com/bogy/template/demo/vertical-default-light/pages/maps/vector-map.html]
[www.urbanui.com/bogy/template/js/maps.js]
[www.urbanui.com/bogy/template/demo/vertical-default-light/pages/maps/google-maps.html]
[www.urbanui.com/bogy/template/demo/vertical-default-light/pages/samples/login.html]
[www.urbanui.com/bogy/template/demo/vertical-default-light/pages/samples/login-2.html]
[www.urbanui.com/bogy/template/demo/vertical-default-light/pages/samples/register.html]
[www.urbanui.com/bogy/template/demo/vertical-default-light/pages/samples/register-2.html]
[www.urbanui.com/bogy/template/js/google-maps.js]
[www.urbanui.com/bogy/template/images/faces/face13.jpg]
[www.urbanui.com/bogy/template/demo/vertical-default-light/pages/samples/lock-screen.html]
[www.urbanui.com/bogy/template/demo/vertical-default-light/pages/samples/error-404.html]
[www.urbanui.com/bogy/template/demo/vertical-default-light/pages/samples/error-500.html]
[www.urbanui.com/bogy/template/demo/vertical-default-light/pages/samples/blank-page.html]
[www.urbanui.com/bogy/template/images/faces/face16.jpg]
[www.urbanui.com/bogy/template/images/samples/1280x768/12.jpg]
[www.urbanui.com/bogy/template/images/faces/face19.jpg]
[www.urbanui.com/bogy/template/images/samples/1280x768/5.jpg]
[www.urbanui.com/bogy/template/demo/vertical-default-light/pages/samples/profile.html]
[www.urbanui.com/bogy/template/demo/vertical-default-light/pages/samples/faq.html]
[www.urbanui.com/bogy/template/demo/vertical-default-light/pages/samples/faq-2.html]
[www.urbanui.com/bogy/template/js/profile-demo.js]
[www.urbanui.com/bogy/template/images/samples/300x300/9.jpg]
[www.urbanui.com/bogy/template/images/samples/300x300/8.jpg]
[www.urbanui.com/bogy/template/images/samples/300x300/6.jpg]
[www.urbanui.com/bogy/template/demo/vertical-default-light/pages/samples/news-grid.html]
[www.urbanui.com/bogy/template/demo/vertical-default-light/pages/samples/timeline.html]
[www.urbanui.com/bogy/template/demo/vertical-default-light/pages/samples/search-results.html]
[www.urbanui.com/bogy/template/demo/vertical-default-light/pages/samples/portfolio.html]
[www.urbanui.com/bogy/template/demo/vertical-default-light/pages/samples/invoice.html]
[www.urbanui.com/bogy/template/demo/vertical-default-light/pages/samples/pricing-table.html]
[www.urbanui.com/bogy/template/demo/vertical-default-light/pages/samples/orders.html]
[www.urbanui.com/bogy/template/images/faces/face20.jpg]
[www.urbanui.com/bogy/template/images/faces/face25.jpg]
[www.urbanui.com/bogy/template/images/faces/face10.jpg]
[www.urbanui.com/bogy/template/images/faces/face23.jpg]
[www.urbanui.com/bogy/template/demo/vertical-default-light/pages/apps/email.html]
[www.urbanui.com/bogy/template/js/calendar.js]
[www.urbanui.com/bogy/template/demo/vertical-default-light/pages/apps/calendar.html]
[www.urbanui.com/bogy/template/demo/vertical-default-light/pages/apps/todo.html]
[www.urbanui.com/bogy/template/vendors/lightgallery/css/lightgallery.css]
[www.urbanui.com/bogy/template/images/samples/1280x768/1.jpg]
[www.urbanui.com/bogy/template/images/samples/1280x768/2.jpg]
[www.urbanui.com/bogy/template/images/samples/1280x768/3.jpg]
[www.urbanui.com/bogy/template/images/samples/1280x768/4.jpg]
[www.urbanui.com/bogy/template/images/samples/1280x768/7.jpg]
[www.urbanui.com/bogy/template/images/samples/1280x768/8.jpg]
[www.urbanui.com/bogy/template/images/samples/1280x768/9.jpg]
[www.urbanui.com/bogy/template/images/samples/1280x768/10.jpg]
[www.urbanui.com/bogy/template/images/samples/1280x768/11.jpg]
[www.urbanui.com/bogy/template/images/lightbox/thumb-v-y-1.jpg]
[www.urbanui.com/bogy/template/images/lightbox/play-button.png]
[www.urbanui.com/bogy/template/images/lightbox/thumb-v-y-2.jpg]
[www.urbanui.com/bogy/template/images/lightbox/thumb-v-v-1.jpg]
[www.urbanui.com/bogy/template/vendors/lightgallery/js/lightgallery-all.min.js]
[www.urbanui.com/bogy/template/demo/vertical-default-light/pages/apps/gallery.html]
[www.urbanui.com/bogy/template/demo/vertical-default-light/pages/documentation/documentation.html]
[www.urbanui.com/bogy/template/vendors/images/alpha.png]
[www.urbanui.com/bogy/template/images/samples/300x300/5.jpg]
[www.urbanui.com/bogy/template/images/samples/300x300/1.jpg]
[www.urbanui.com/bogy/template/images/samples/300x300/12.jpg]
[www.urbanui.com/bogy/template/js/popover.js]
[www.urbanui.com/bogy/template/images/carousel/banner_1.jpg]
[www.urbanui.com/bogy/template/images/carousel/banner_5.jpg]
[www.urbanui.com/bogy/template/images/carousel/banner_9.jpg]
[www.urbanui.com/bogy/template/vendors/iconfonts/font-awesome/css/font-awesome.min.css]
[www.urbanui.com/bogy/template/demo/vertical-default-light/pages/forms/dropify.html]
[www.urbanui.com/bogy/template/js/dropify.js]
[www.urbanui.com/bogy/template/js/jquery-file-upload.js]
[www.urbanui.com/bogy/template/vendors/summernote/dist/font/summernote291f.eot]
[www.urbanui.com/bogy/template/vendors/summernote/dist/font/summernoted41d.eot]
[www.urbanui.com/bogy/template/vendors/summernote/dist/font/summernote291f.woff]
[www.urbanui.com/bogy/template/vendors/summernote/dist/font/summernote291f.ttf]
[www.urbanui.com/bogy/template/vendors/summernote/dist/summernote-bs4.css]
[www.urbanui.com/bogy/template/js/data-table.js]
[www.urbanui.com/bogy/template/vendors/iconfonts/flag-icon-css/css/flag-icon.min.css]
[www.urbanui.com/bogy/template/vendors/iconfonts/simple-line-icon/css/simple-line-icons.css]
[www.urbanui.com/bogy/template/vendors/iconfonts/ti-icons/css/themify-icons.css]
[www.urbanui.com/bogy/template/images/samples/300x300/7.jpg]
[www.urbanui.com/bogy/template/vendors/lightgallery/img/vimeo-play.png]
[www.urbanui.com/bogy/template/vendors/lightgallery/img/video-play.png]
[www.urbanui.com/bogy/template/vendors/lightgallery/img/youtube-play.png]
[www.urbanui.com/bogy/template/vendors/lightgallery/img/loading.gif]
[www.urbanui.com/bogy/template/vendors/lightgallery/css/lightgallery.css]
[www.urbanui.com/bogy/template/images/lightbox/thumb-v-v-2.jpg]
[www.urbanui.com/bogy/template/images/samples/1280x768/6.jpg]
[www.urbanui.com/bogy/template/vendors/js/vendor.bundle.addons.js]
[www.urbanui.com/bogy/template/images/carousel/banner_7.jpg]
[www.urbanui.com/bogy/template/js/light-gallery.js]
